<?xml version="1.0" encoding="UTF-8"?>
<!-- Generated by org.testng.reporters.JUnitReportReporter -->
<testsuite skipped="0" hostname="Jones-PC" name="com.herokuapp.theinternet.PositiveTests" tests="1" failures="0" timestamp="01 Oct 2019 18:51:40 GMT" time="43.130" errors="0">
  <testcase name="logInTest" time="43.130" classname="com.herokuapp.theinternet.PositiveTests"/>
</testsuite> <!-- com.herokuapp.theinternet.PositiveTests -->
