<?xml version="1.0" encoding="UTF-8"?>
<!-- Generated by org.testng.reporters.JUnitReportReporter -->
<testsuite skipped="0" hostname="Jones-PC" name="com.herokuapp.theinternet.PositiveTests" tests="1" failures="0" timestamp="11 Jul 2019 15:20:31 GMT" time="26.437" errors="0">
  <testcase name="logintest" time="26.437" classname="com.herokuapp.theinternet.PositiveTests"/>
</testsuite> <!-- com.herokuapp.theinternet.PositiveTests -->
