<?xml version="1.0" encoding="UTF-8"?>
<!-- Generated by org.testng.reporters.JUnitReportReporter -->
<testsuite skipped="0" hostname="Jones-PC" name="com.herokuapp.theinternet.LoginTest$NegativeTests" tests="2" failures="0" timestamp="31 Aug 2019 18:46:25 GMT" time="141.188" errors="0">
  <testcase name="negativelogintest" time="83.730" classname="com.herokuapp.theinternet.LoginTest$NegativeTests"/>
  <testcase name="negativelogintest" time="57.458" classname="com.herokuapp.theinternet.LoginTest$NegativeTests"/>
</testsuite> <!-- com.herokuapp.theinternet.LoginTest$NegativeTests -->
