<?xml version="1.0" encoding="UTF-8"?>
<!-- Generated by org.testng.reporters.JUnitReportReporter -->
<testsuite skipped="0" hostname="Jones-PC" name="com.herokuapp.theinternet.ExceptionsTest" tests="1" failures="0" timestamp="02 Sep 2019 18:13:38 GMT" time="24.069" errors="0">
  <testcase name="noSuchElementTest" time="24.069" classname="com.herokuapp.theinternet.ExceptionsTest"/>
</testsuite> <!-- com.herokuapp.theinternet.ExceptionsTest -->
