<?xml version="1.0" encoding="UTF-8"?>
<!-- Generated by org.testng.reporters.JUnitReportReporter -->
<testsuite skipped="0" hostname="Jones-PC" name="com.herokuapp.theinternet.NegativeTests" tests="2" failures="0" timestamp="02 Aug 2019 17:02:11 GMT" time="33.816" errors="0">
  <testcase name="negativelogintest" time="11.926" classname="com.herokuapp.theinternet.NegativeTests"/>
  <testcase name="negativelogintest" time="21.890" classname="com.herokuapp.theinternet.NegativeTests"/>
</testsuite> <!-- com.herokuapp.theinternet.NegativeTests -->
