<?xml version="1.0" encoding="UTF-8"?>
<!-- Generated by org.testng.reporters.JUnitReportReporter -->
<testsuite skipped="0" hostname="Jones-PC" name="com.herokuapp.theinternet.LoginTest" tests="2" failures="0" timestamp="31 Aug 2019 18:46:25 GMT" time="128.654" errors="0">
  <testcase name="logintest" time="40.192" classname="com.herokuapp.theinternet.LoginTest"/>
  <testcase name="logintest" time="88.462" classname="com.herokuapp.theinternet.LoginTest"/>
</testsuite> <!-- com.herokuapp.theinternet.LoginTest -->
