<?xml version="1.0" encoding="UTF-8"?>
<!-- Generated by org.testng.reporters.JUnitReportReporter -->
<testsuite hostname="JonesPC" failures="0" tests="1" name="com.herokuapp.theinternet.dropdowntests.DropdownTest" time="13.419" errors="0" timestamp="30 Aug 2020 07:36:45 GMT" skipped="0">
  <testcase classname="com.herokuapp.theinternet.dropdowntests.DropdownTest" name="optionTwoTest" time="13.419"/>
</testsuite> <!-- com.herokuapp.theinternet.dropdowntests.DropdownTest -->
