<?xml version="1.0" encoding="UTF-8"?>
<!-- Generated by org.testng.reporters.JUnitReportReporter -->
<testsuite hostname="JonesPC" failures="0" tests="5" name="com.herokuapp.theinternet.loginpagetests.NegativeLogInTests" time="70.799" errors="0" timestamp="15 Jul 2020 16:37:14 GMT" skipped="0">
  <testcase classname="com.herokuapp.theinternet.loginpagetests.NegativeLogInTests" name="negativeLogInTest" time="13.439"/>
  <testcase classname="com.herokuapp.theinternet.loginpagetests.NegativeLogInTests" name="negativeLogInTest" time="14.438"/>
  <testcase classname="com.herokuapp.theinternet.loginpagetests.NegativeLogInTests" name="negativeLogInTest" time="15.322"/>
  <testcase classname="com.herokuapp.theinternet.loginpagetests.NegativeLogInTests" name="negativeLogInTest" time="13.594"/>
  <testcase classname="com.herokuapp.theinternet.loginpagetests.NegativeLogInTests" name="negativeLogInTest" time="14.006"/>
</testsuite> <!-- com.herokuapp.theinternet.loginpagetests.NegativeLogInTests -->
